2019-09-21 10:59:38,942 - double_function - INFO - пїЅпїЅпїЅпїЅпїЅ пїЅпїЅпїЅпїЅпїЅпїЅпїЅ: double_function
2019-09-21 10:59:38,942 - double_function - INFO - пїЅпїЅпїЅпїЅпїЅпїЅпїЅпїЅпїЅ: 4
2019-09-21 11:52:00,573 - double_function - INFO - Вызов функции: double_function
2019-09-21 11:52:00,573 - double_function - INFO - Результат: 4
2019-09-21 11:52:44,847 - double_function - INFO - Вызов функции: double_function
2019-09-21 11:52:44,847 - double_function - INFO - Результат: 4
2019-09-21 11:54:01,490 - double_function - INFO - Вызов функции: double_function
2019-09-21 11:54:01,490 - double_function - INFO - Результат: 4
2019-09-21 11:54:19,294 - double_function - INFO - Вызов функции: double_function
2019-09-21 11:54:19,294 - double_function - INFO - Результат: 4
2019-09-21 11:56:16,473 - double_function - INFO - Вызов функции: double_function
2019-09-21 11:56:16,473 - double_function - INFO - Результат: 4
2019-09-21 11:57:42,199 - double_function - INFO - Вызов функции: double_function
2019-09-21 11:57:42,199 - double_function - INFO - Результат: 4
2019-09-21 11:58:05,359 - double_function - INFO - Вызов функции: double_function
2019-09-21 11:58:05,359 - double_function - INFO - Результат: 4
2019-09-21 11:58:51,215 - double_function - INFO - Вызов функции: double_function
2019-09-21 11:58:51,215 - double_function - INFO - Результат: 4
2019-09-21 12:00:32,829 - double_function - INFO - Вызов функции: double_function
2019-09-21 12:00:32,829 - double_function - INFO - Результат: 4
2019-09-21 12:01:18,112 - double_function - INFO - Вызов функции: double_function
2019-09-21 12:01:18,112 - double_function - INFO - Результат: 4
2019-09-21 12:04:14,968 - double_function - INFO - Вызов функции: double_function
2019-09-21 12:04:14,968 - double_function - INFO - Результат: 4
2019-09-21 12:04:24,800 - double_function - INFO - Вызов функции: double_function
2019-09-21 12:04:24,800 - double_function - INFO - Результат: 4
2019-09-21 12:04:52,758 - double_function - INFO - Вызов функции: double_function
2019-09-21 12:04:52,758 - double_function - INFO - Результат: 4
2019-09-21 15:08:57,050 - double_function - INFO - function call: double_function
2019-09-21 15:08:57,050 - double_function - INFO - Result: 4
